#-----------------------------------------------------------
# Vivado v2024.2 (64-bit)
# SW Build 5239630 on Fri Nov 08 22:35:27 MST 2024
# IP Build 5239520 on Sun Nov 10 16:12:51 MST 2024
# SharedData Build 5239561 on Fri Nov 08 14:39:27 MST 2024
# Start of session at: Sat Aug 30 14:00:33 2025
# Process ID         : 19260
# Current directory  : C:/Users/moizc/Desktop/MY AWESOME PROJECTS/SPI-Project/SPI_PROJECT
# Command line       : vivado.exe -gui_launcher_event rodinguilauncherevent10396 C:\Users\moizc\Desktop\MY AWESOME PROJECTS\SPI-Project\SPI_PROJECT\SPI_project.xpr
# Log file           : C:/Users/moizc/Desktop/MY AWESOME PROJECTS/SPI-Project/SPI_PROJECT/vivado.log
# Journal file       : C:/Users/moizc/Desktop/MY AWESOME PROJECTS/SPI-Project/SPI_PROJECT\vivado.jou
# Running On         : Moss
# Platform           : Windows Server 2016 or Windows 10
# Operating System   : 26100
# Processor Detail   : AMD Ryzen 5 7520U with Radeon Graphics         
# CPU Frequency      : 2795 MHz
# CPU Physical cores : 4
# CPU Logical cores  : 8
# Host memory        : 16363 MB
# Swap memory        : 2818 MB
# Total Virtual      : 19181 MB
# Available Virtual  : 7778 MB
#-----------------------------------------------------------
start_gui
open_project {C:/Users/moizc/Desktop/MY AWESOME PROJECTS/SPI-Project/SPI_PROJECT/SPI_project.xpr}
INFO: [Project 1-313] Project file moved from 'C:/Users/moizc/Desktop/MY AWESOME PROJECTS/vivado/WIP/SPI_PROJECT/SPI_project' since last save.
INFO: [filemgmt 56-3] Default IP Output Path : Could not find the directory 'C:/Users/moizc/Desktop/MY AWESOME PROJECTS/SPI-Project/SPI_PROJECT/SPI_project.gen/sources_1'.
Scanning sources...
Finished scanning sources
INFO: [IP_Flow 19-234] Refreshing IP repositories
INFO: [IP_Flow 19-1704] No user IP repositories specified
INFO: [IP_Flow 19-2313] Loaded Vivado IP repository 'C:/Xilinx/Vivado/2024.2/data/ip'.
open_project: Time (s): cpu = 00:00:31 ; elapsed = 00:00:17 . Memory (MB): peak = 1199.414 ; gain = 112.918
WARNING: [filemgmt 56-199] Attempt to get parsing info during refresh. "On-the-fly" syntax checking information may be incorrect. [C:\Users\moizc\Desktop\MY AWESOME PROJECTS\SPI-Project\SPI_PROJECT\SPI_project.srcs\sources_1\new\MasterSPI.sv:]
WARNING: [filemgmt 56-199] Attempt to get parsing info during refresh. "On-the-fly" syntax checking information may be incorrect. [C:\Users\moizc\Desktop\MY AWESOME PROJECTS\SPI-Project\SPI_PROJECT\SPI_project.srcs\sources_1\new\TopSPI.sv:]
WARNING: [filemgmt 56-199] Attempt to get parsing info during refresh. "On-the-fly" syntax checking information may be incorrect. [C:\Users\moizc\Desktop\MY AWESOME PROJECTS\SPI-Project\SPI_PROJECT\SPI_project.srcs\sources_1\new\MasterSPI.sv:]
WARNING: [filemgmt 56-199] Attempt to get parsing info during refresh. "On-the-fly" syntax checking information may be incorrect. [C:\Users\moizc\Desktop\MY AWESOME PROJECTS\SPI-Project\SPI_PROJECT\SPI_project.srcs\sources_1\new\MasterSPI.sv:]
ERROR: [Common 17-180] Spawn failed: No error
WARNING: [filemgmt 56-199] Attempt to get parsing info during refresh. "On-the-fly" syntax checking information may be incorrect. [C:\Users\moizc\Desktop\MY AWESOME PROJECTS\SPI-Project\SPI_PROJECT\SPI_project.srcs\sources_1\new\MasterSPI.sv:]
WARNING: [filemgmt 56-199] Attempt to get parsing info during refresh. "On-the-fly" syntax checking information may be incorrect. [C:\Users\moizc\Desktop\MY AWESOME PROJECTS\SPI-Project\SPI_PROJECT\SPI_project.srcs\sources_1\new\TopSPI.sv:]
WARNING: [filemgmt 56-199] Attempt to get parsing info during refresh. "On-the-fly" syntax checking information may be incorrect. [C:\Users\moizc\Desktop\MY AWESOME PROJECTS\SPI-Project\SPI_PROJECT\SPI_project.srcs\sources_1\new\MasterSPI.sv:]
WARNING: [filemgmt 56-199] Attempt to get parsing info during refresh. "On-the-fly" syntax checking information may be incorrect. [C:\Users\moizc\Desktop\MY AWESOME PROJECTS\SPI-Project\SPI_PROJECT\SPI_project.srcs\sources_1\new\MasterSPI.sv:]
ERROR: [Common 17-180] Spawn failed: No error
WARNING: [filemgmt 56-199] Attempt to get parsing info during refresh. "On-the-fly" syntax checking information may be incorrect. [C:\Users\moizc\Desktop\MY AWESOME PROJECTS\SPI-Project\SPI_PROJECT\SPI_project.srcs\sources_1\new\MasterSPI.sv:]
WARNING: [filemgmt 56-199] Attempt to get parsing info during refresh. "On-the-fly" syntax checking information may be incorrect. [C:\Users\moizc\Desktop\MY AWESOME PROJECTS\SPI-Project\SPI_PROJECT\SPI_project.srcs\sources_1\new\TopSPI.sv:]
WARNING: [filemgmt 56-199] Attempt to get parsing info during refresh. "On-the-fly" syntax checking information may be incorrect. [C:\Users\moizc\Desktop\MY AWESOME PROJECTS\SPI-Project\SPI_PROJECT\SPI_project.srcs\sources_1\new\MasterSPI.sv:]
WARNING: [filemgmt 56-199] Attempt to get parsing info during refresh. "On-the-fly" syntax checking information may be incorrect. [C:\Users\moizc\Desktop\MY AWESOME PROJECTS\SPI-Project\SPI_PROJECT\SPI_project.srcs\sources_1\new\MasterSPI.sv:]
ERROR: [Common 17-180] Spawn failed: No error
WARNING: [filemgmt 56-199] Attempt to get parsing info during refresh. "On-the-fly" syntax checking information may be incorrect. [C:\Users\moizc\Desktop\MY AWESOME PROJECTS\SPI-Project\SPI_PROJECT\SPI_project.srcs\sources_1\new\MasterSPI.sv:]
WARNING: [filemgmt 56-199] Attempt to get parsing info during refresh. "On-the-fly" syntax checking information may be incorrect. [C:\Users\moizc\Desktop\MY AWESOME PROJECTS\SPI-Project\SPI_PROJECT\SPI_project.srcs\sources_1\new\TopSPI.sv:]
WARNING: [filemgmt 56-199] Attempt to get parsing info during refresh. "On-the-fly" syntax checking information may be incorrect. [C:\Users\moizc\Desktop\MY AWESOME PROJECTS\SPI-Project\SPI_PROJECT\SPI_project.srcs\sources_1\new\MasterSPI.sv:]
WARNING: [filemgmt 56-199] Attempt to get parsing info during refresh. "On-the-fly" syntax checking information may be incorrect. [C:\Users\moizc\Desktop\MY AWESOME PROJECTS\SPI-Project\SPI_PROJECT\SPI_project.srcs\sources_1\new\MasterSPI.sv:]
ERROR: [Common 17-180] Spawn failed: No error
reset_run synth_1
INFO: [Project 1-1161] Replacing file C:/Users/moizc/Desktop/MY AWESOME PROJECTS/SPI-Project/SPI_PROJECT/SPI_project.srcs/utils_1/imports/synth_1/master.dcp with file C:/Users/moizc/Desktop/MY AWESOME PROJECTS/SPI-Project/SPI_PROJECT/SPI_project.runs/synth_1/TopSPI.dcp
launch_runs impl_1 -jobs 4
[Sat Aug 30 14:15:49 2025] Launched synth_1...
Run output will be captured here: C:/Users/moizc/Desktop/MY AWESOME PROJECTS/SPI-Project/SPI_PROJECT/SPI_project.runs/synth_1/runme.log
[Sat Aug 30 14:15:50 2025] Launched impl_1...
Run output will be captured here: C:/Users/moizc/Desktop/MY AWESOME PROJECTS/SPI-Project/SPI_PROJECT/SPI_project.runs/impl_1/runme.log
launch_simulation
Command: launch_simulation 
INFO: [Vivado 12-12493] Simulation top is 'TestbenchSPI'
WARNING: [Vivado 12-13340] Unable to auto find GCC executables from simulator install path! (path not set)
INFO: [Vivado 12-5682] Launching behavioral simulation in 'C:/Users/moizc/Desktop/MY AWESOME PROJECTS/SPI-Project/SPI_PROJECT/SPI_project.sim/sim_1/behav/xsim'
INFO: [SIM-utils-51] Simulation object is 'sim_1'
INFO: [SIM-utils-72] Using boost library from 'C:/Xilinx/Vivado/2024.2/tps/boost_1_72_0'
INFO: [SIM-utils-54] Inspecting design source files for 'TestbenchSPI' in fileset 'sim_1'...
INFO: [USF-XSim-97] Finding global include files...
INFO: [USF-XSim-100] Fetching design files from 'sources_1'...(this may take a while)...
INFO: [USF-XSim-101] Fetching design files from 'sim_1'...
INFO: [USF-XSim-2] XSim::Compile design
INFO: [USF-XSim-61] Executing 'COMPILE and ANALYZE' step in 'C:/Users/moizc/Desktop/MY AWESOME PROJECTS/SPI-Project/SPI_PROJECT/SPI_project.sim/sim_1/behav/xsim'
"xvlog --incr --relax -L uvm -prj TestbenchSPI_vlog.prj"
INFO: [VRFC 10-2263] Analyzing SystemVerilog file "C:/Users/moizc/Desktop/MY AWESOME PROJECTS/SPI-Project/SPI_PROJECT/SPI_project.srcs/sources_1/new/MasterSPI.sv" into library xil_defaultlib
INFO: [VRFC 10-311] analyzing module MasterSPI
WARNING: [VRFC 10-8497] literal value 'b1110 truncated to fit in 1 bits [C:/Users/moizc/Desktop/MY AWESOME PROJECTS/SPI-Project/SPI_PROJECT/SPI_project.srcs/sources_1/new/MasterSPI.sv:40]
WARNING: [VRFC 10-8497] literal value 'b1101 truncated to fit in 1 bits [C:/Users/moizc/Desktop/MY AWESOME PROJECTS/SPI-Project/SPI_PROJECT/SPI_project.srcs/sources_1/new/MasterSPI.sv:41]
WARNING: [VRFC 10-8497] literal value 'b1011 truncated to fit in 1 bits [C:/Users/moizc/Desktop/MY AWESOME PROJECTS/SPI-Project/SPI_PROJECT/SPI_project.srcs/sources_1/new/MasterSPI.sv:42]
WARNING: [VRFC 10-8497] literal value 'b0111 truncated to fit in 1 bits [C:/Users/moizc/Desktop/MY AWESOME PROJECTS/SPI-Project/SPI_PROJECT/SPI_project.srcs/sources_1/new/MasterSPI.sv:43]
INFO: [VRFC 10-2263] Analyzing SystemVerilog file "C:/Users/moizc/Desktop/MY AWESOME PROJECTS/SPI-Project/SPI_PROJECT/SPI_project.srcs/sources_1/new/SlaveSPI.sv" into library xil_defaultlib
INFO: [VRFC 10-311] analyzing module SlaveSPI
INFO: [VRFC 10-2263] Analyzing SystemVerilog file "C:/Users/moizc/Desktop/MY AWESOME PROJECTS/SPI-Project/SPI_PROJECT/SPI_project.srcs/sources_1/new/TopSPI.sv" into library xil_defaultlib
INFO: [VRFC 10-311] analyzing module TopSPI
INFO: [VRFC 10-2263] Analyzing SystemVerilog file "C:/Users/moizc/Desktop/MY AWESOME PROJECTS/SPI-Project/SPI_PROJECT/SPI_project.srcs/sim_1/new/TestbenchSPI.sv" into library xil_defaultlib
INFO: [VRFC 10-311] analyzing module TestbenchSPI
INFO: [VRFC 10-2263] Analyzing Verilog file "C:/Users/moizc/Desktop/MY AWESOME PROJECTS/SPI-Project/SPI_PROJECT/SPI_project.sim/sim_1/behav/xsim/glbl.v" into library xil_defaultlib
INFO: [VRFC 10-311] analyzing module glbl
INFO: [USF-XSim-69] 'compile' step finished in '4' seconds
INFO: [USF-XSim-3] XSim::Elaborate design
INFO: [USF-XSim-61] Executing 'ELABORATE' step in 'C:/Users/moizc/Desktop/MY AWESOME PROJECTS/SPI-Project/SPI_PROJECT/SPI_project.sim/sim_1/behav/xsim'
"xelab --incr --debug typical --relax --mt 2 -L xil_defaultlib -L uvm -L unisims_ver -L unimacro_ver -L secureip --snapshot TestbenchSPI_behav xil_defaultlib.TestbenchSPI xil_defaultlib.glbl -log elaborate.log"
Vivado Simulator v2024.2.0
Copyright 1986-2022 Xilinx, Inc. All Rights Reserved.
Copyright 2022-2024 Advanced Micro Devices, Inc. All Rights Reserved.
Running: C:/Xilinx/Vivado/2024.2/bin/unwrapped/win64.o/xelab.exe --incr --debug typical --relax --mt 2 -L xil_defaultlib -L uvm -L unisims_ver -L unimacro_ver -L secureip --snapshot TestbenchSPI_behav xil_defaultlib.TestbenchSPI xil_defaultlib.glbl -log elaborate.log 
Using 2 slave threads.
Starting static elaboration
Pass Through NonSizing Optimizer
Completed static elaboration
Starting simulation data flow analysis
WARNING: [XSIM 43-4100] "C:/Users/moizc/Desktop/MY AWESOME PROJECTS/SPI-Project/SPI_PROJECT/SPI_project.sim/sim_1/behav/xsim/glbl.v" Line 6. Module glbl has a timescale but at least one module in design doesn't have timescale.
WARNING: [XSIM 43-4100] "C:/Users/moizc/Desktop/MY AWESOME PROJECTS/SPI-Project/SPI_PROJECT/SPI_project.sim/sim_1/behav/xsim/glbl.v" Line 6. Module glbl has a timescale but at least one module in design doesn't have timescale.
Completed simulation data flow analysis
Time Resolution for simulation is 1ps
Compiling module xil_defaultlib.MasterSPI
Compiling module xil_defaultlib.SlaveSPI
Compiling module xil_defaultlib.TopSPI
Compiling module xil_defaultlib.TestbenchSPI
Compiling module xil_defaultlib.glbl
Built simulation snapshot TestbenchSPI_behav
run_program: Time (s): cpu = 00:00:00 ; elapsed = 00:00:08 . Memory (MB): peak = 1273.281 ; gain = 0.000
INFO: [USF-XSim-69] 'elaborate' step finished in '8' seconds
INFO: [USF-XSim-4] XSim::Simulate design
INFO: [USF-XSim-61] Executing 'SIMULATE' step in 'C:/Users/moizc/Desktop/MY AWESOME PROJECTS/SPI-Project/SPI_PROJECT/SPI_project.sim/sim_1/behav/xsim'
INFO: [USF-XSim-98] *** Running xsim
   with args "TestbenchSPI_behav -key {Behavioral:sim_1:Functional:TestbenchSPI} -tclbatch {TestbenchSPI.tcl} -log {simulate.log}"
INFO: [USF-XSim-8] Loading simulator feature
Time resolution is 1 ps
source TestbenchSPI.tcl
# set curr_wave [current_wave_config]
# if { [string length $curr_wave] == 0 } {
#   if { [llength [get_objects]] > 0} {
#     add_wave /
#     set_property needs_save false [current_wave_config]
#   } else {
#      send_msg_id Add_Wave-1 WARNING "No top level signals found. Simulator will start without a wave window. If you want to open a wave window go to 'File->New Waveform Configuration' or type 'create_wave_config' in the TCL console."
#   }
# }
# run 1000ns
$finish called at time : 310 ns : File "C:/Users/moizc/Desktop/MY AWESOME PROJECTS/SPI-Project/SPI_PROJECT/SPI_project.srcs/sim_1/new/TestbenchSPI.sv" Line 39
xsim: Time (s): cpu = 00:00:10 ; elapsed = 00:00:07 . Memory (MB): peak = 1273.281 ; gain = 0.000
INFO: [USF-XSim-96] XSim completed. Design snapshot 'TestbenchSPI_behav' loaded.
INFO: [USF-XSim-97] XSim simulation ran for 1000ns
launch_simulation: Time (s): cpu = 00:00:12 ; elapsed = 00:00:21 . Memory (MB): peak = 1273.281 ; gain = 0.000
close_sim
INFO: [Simtcl 6-16] Simulation closed
launch_simulation
Command: launch_simulation 
INFO: [Vivado 12-12493] Simulation top is 'TestbenchSPI'
WARNING: [Vivado 12-13340] Unable to auto find GCC executables from simulator install path! (path not set)
INFO: [Vivado 12-5682] Launching behavioral simulation in 'C:/Users/moizc/Desktop/MY AWESOME PROJECTS/SPI-Project/SPI_PROJECT/SPI_project.sim/sim_1/behav/xsim'
INFO: [SIM-utils-51] Simulation object is 'sim_1'
INFO: [SIM-utils-72] Using boost library from 'C:/Xilinx/Vivado/2024.2/tps/boost_1_72_0'
INFO: [SIM-utils-54] Inspecting design source files for 'TestbenchSPI' in fileset 'sim_1'...
INFO: [USF-XSim-97] Finding global include files...
INFO: [USF-XSim-100] Fetching design files from 'sources_1'...(this may take a while)...
INFO: [USF-XSim-101] Fetching design files from 'sim_1'...
INFO: [USF-XSim-2] XSim::Compile design
INFO: [USF-XSim-61] Executing 'COMPILE and ANALYZE' step in 'C:/Users/moizc/Desktop/MY AWESOME PROJECTS/SPI-Project/SPI_PROJECT/SPI_project.sim/sim_1/behav/xsim'
"xvlog --incr --relax -L uvm -prj TestbenchSPI_vlog.prj"
INFO: [USF-XSim-69] 'compile' step finished in '3' seconds
INFO: [USF-XSim-3] XSim::Elaborate design
INFO: [USF-XSim-61] Executing 'ELABORATE' step in 'C:/Users/moizc/Desktop/MY AWESOME PROJECTS/SPI-Project/SPI_PROJECT/SPI_project.sim/sim_1/behav/xsim'
"xelab --incr --debug typical --relax --mt 2 -L xil_defaultlib -L uvm -L unisims_ver -L unimacro_ver -L secureip --snapshot TestbenchSPI_behav xil_defaultlib.TestbenchSPI xil_defaultlib.glbl -log elaborate.log"
Vivado Simulator v2024.2.0
Copyright 1986-2022 Xilinx, Inc. All Rights Reserved.
Copyright 2022-2024 Advanced Micro Devices, Inc. All Rights Reserved.
Running: C:/Xilinx/Vivado/2024.2/bin/unwrapped/win64.o/xelab.exe --incr --debug typical --relax --mt 2 -L xil_defaultlib -L uvm -L unisims_ver -L unimacro_ver -L secureip --snapshot TestbenchSPI_behav xil_defaultlib.TestbenchSPI xil_defaultlib.glbl -log elaborate.log 
Using 2 slave threads.
Starting static elaboration
Pass Through NonSizing Optimizer
Completed static elaboration
INFO: [XSIM 43-4323] No Change in HDL. Linking previously generated obj files to create kernel
INFO: [USF-XSim-69] 'elaborate' step finished in '3' seconds
INFO: [USF-XSim-4] XSim::Simulate design
INFO: [USF-XSim-61] Executing 'SIMULATE' step in 'C:/Users/moizc/Desktop/MY AWESOME PROJECTS/SPI-Project/SPI_PROJECT/SPI_project.sim/sim_1/behav/xsim'
INFO: [USF-XSim-98] *** Running xsim
   with args "TestbenchSPI_behav -key {Behavioral:sim_1:Functional:TestbenchSPI} -tclbatch {TestbenchSPI.tcl} -log {simulate.log}"
INFO: [USF-XSim-8] Loading simulator feature
Time resolution is 1 ps
source TestbenchSPI.tcl
# set curr_wave [current_wave_config]
# if { [string length $curr_wave] == 0 } {
#   if { [llength [get_objects]] > 0} {
#     add_wave /
#     set_property needs_save false [current_wave_config]
#   } else {
#      send_msg_id Add_Wave-1 WARNING "No top level signals found. Simulator will start without a wave window. If you want to open a wave window go to 'File->New Waveform Configuration' or type 'create_wave_config' in the TCL console."
#   }
# }
# run 1000ns
$finish called at time : 310 ns : File "C:/Users/moizc/Desktop/MY AWESOME PROJECTS/SPI-Project/SPI_PROJECT/SPI_project.srcs/sim_1/new/TestbenchSPI.sv" Line 39
xsim: Time (s): cpu = 00:00:11 ; elapsed = 00:00:06 . Memory (MB): peak = 1287.703 ; gain = 0.000
INFO: [USF-XSim-96] XSim completed. Design snapshot 'TestbenchSPI_behav' loaded.
INFO: [USF-XSim-97] XSim simulation ran for 1000ns
launch_simulation: Time (s): cpu = 00:00:13 ; elapsed = 00:00:12 . Memory (MB): peak = 1287.703 ; gain = 0.000
WARNING: [filemgmt 56-199] Attempt to get parsing info during refresh. "On-the-fly" syntax checking information may be incorrect. [C:\Users\moizc\Desktop\MY AWESOME PROJECTS\SPI-Project\SPI_PROJECT\SPI_project.srcs\sources_1\new\MasterSPI.sv:]
WARNING: [filemgmt 56-199] Attempt to get parsing info during refresh. "On-the-fly" syntax checking information may be incorrect. [C:\Users\moizc\Desktop\MY AWESOME PROJECTS\SPI-Project\SPI_PROJECT\SPI_project.srcs\sim_1\new\TestbenchSPI.sv:]
WARNING: [filemgmt 56-199] Attempt to get parsing info during refresh. "On-the-fly" syntax checking information may be incorrect. [C:\Users\moizc\Desktop\MY AWESOME PROJECTS\SPI-Project\SPI_PROJECT\SPI_project.srcs\sources_1\new\TopSPI.sv:]
WARNING: [filemgmt 56-199] Attempt to get parsing info during refresh. "On-the-fly" syntax checking information may be incorrect. [C:\Users\moizc\Desktop\MY AWESOME PROJECTS\SPI-Project\SPI_PROJECT\SPI_project.srcs\sources_1\new\MasterSPI.sv:]
WARNING: [filemgmt 56-199] Attempt to get parsing info during refresh. "On-the-fly" syntax checking information may be incorrect. [C:\Users\moizc\Desktop\MY AWESOME PROJECTS\SPI-Project\SPI_PROJECT\SPI_project.srcs\sources_1\new\MasterSPI.sv:]
WARNING: [filemgmt 56-199] Attempt to get parsing info during refresh. "On-the-fly" syntax checking information may be incorrect. [C:\Users\moizc\Desktop\MY AWESOME PROJECTS\SPI-Project\SPI_PROJECT\SPI_project.srcs\sources_1\new\MasterSPI.sv:]
WARNING: [filemgmt 56-199] Attempt to get parsing info during refresh. "On-the-fly" syntax checking information may be incorrect. [C:\Users\moizc\Desktop\MY AWESOME PROJECTS\SPI-Project\SPI_PROJECT\SPI_project.srcs\sim_1\new\TestbenchSPI.sv:]
WARNING: [filemgmt 56-199] Attempt to get parsing info during refresh. "On-the-fly" syntax checking information may be incorrect. [C:\Users\moizc\Desktop\MY AWESOME PROJECTS\SPI-Project\SPI_PROJECT\SPI_project.srcs\sources_1\new\TopSPI.sv:]
WARNING: [filemgmt 56-199] Attempt to get parsing info during refresh. "On-the-fly" syntax checking information may be incorrect. [C:\Users\moizc\Desktop\MY AWESOME PROJECTS\SPI-Project\SPI_PROJECT\SPI_project.srcs\sources_1\new\TopSPI.sv:]
WARNING: [filemgmt 56-199] Attempt to get parsing info during refresh. "On-the-fly" syntax checking information may be incorrect. [C:\Users\moizc\Desktop\MY AWESOME PROJECTS\SPI-Project\SPI_PROJECT\SPI_project.srcs\sources_1\new\TopSPI.sv:]
ERROR: [Common 17-180] Spawn failed: No error
WARNING: [filemgmt 56-199] Attempt to get parsing info during refresh. "On-the-fly" syntax checking information may be incorrect. [C:\Users\moizc\Desktop\MY AWESOME PROJECTS\SPI-Project\SPI_PROJECT\SPI_project.srcs\sources_1\new\MasterSPI.sv:]
WARNING: [filemgmt 56-199] Attempt to get parsing info during refresh. "On-the-fly" syntax checking information may be incorrect. [C:\Users\moizc\Desktop\MY AWESOME PROJECTS\SPI-Project\SPI_PROJECT\SPI_project.srcs\sim_1\new\TestbenchSPI.sv:]
WARNING: [filemgmt 56-199] Attempt to get parsing info during refresh. "On-the-fly" syntax checking information may be incorrect. [C:\Users\moizc\Desktop\MY AWESOME PROJECTS\SPI-Project\SPI_PROJECT\SPI_project.srcs\sources_1\new\TopSPI.sv:]
WARNING: [filemgmt 56-199] Attempt to get parsing info during refresh. "On-the-fly" syntax checking information may be incorrect. [C:\Users\moizc\Desktop\MY AWESOME PROJECTS\SPI-Project\SPI_PROJECT\SPI_project.srcs\sources_1\new\TopSPI.sv:]
WARNING: [filemgmt 56-199] Attempt to get parsing info during refresh. "On-the-fly" syntax checking information may be incorrect. [C:\Users\moizc\Desktop\MY AWESOME PROJECTS\SPI-Project\SPI_PROJECT\SPI_project.srcs\sources_1\new\TopSPI.sv:]
WARNING: [filemgmt 56-199] Attempt to get parsing info during refresh. "On-the-fly" syntax checking information may be incorrect. [C:\Users\moizc\Desktop\MY AWESOME PROJECTS\SPI-Project\SPI_PROJECT\SPI_project.srcs\sources_1\new\MasterSPI.sv:]
WARNING: [filemgmt 56-199] Attempt to get parsing info during refresh. "On-the-fly" syntax checking information may be incorrect. [C:\Users\moizc\Desktop\MY AWESOME PROJECTS\SPI-Project\SPI_PROJECT\SPI_project.srcs\sim_1\new\TestbenchSPI.sv:]
WARNING: [filemgmt 56-199] Attempt to get parsing info during refresh. "On-the-fly" syntax checking information may be incorrect. [C:\Users\moizc\Desktop\MY AWESOME PROJECTS\SPI-Project\SPI_PROJECT\SPI_project.srcs\sources_1\new\TopSPI.sv:]
WARNING: [filemgmt 56-199] Attempt to get parsing info during refresh. "On-the-fly" syntax checking information may be incorrect. [C:\Users\moizc\Desktop\MY AWESOME PROJECTS\SPI-Project\SPI_PROJECT\SPI_project.srcs\sim_1\new\TestbenchSPI.sv:]
WARNING: [filemgmt 56-199] Attempt to get parsing info during refresh. "On-the-fly" syntax checking information may be incorrect. [C:\Users\moizc\Desktop\MY AWESOME PROJECTS\SPI-Project\SPI_PROJECT\SPI_project.srcs\sim_1\new\TestbenchSPI.sv:]
WARNING: [filemgmt 56-199] Attempt to get parsing info during refresh. "On-the-fly" syntax checking information may be incorrect. [C:\Users\moizc\Desktop\MY AWESOME PROJECTS\SPI-Project\SPI_PROJECT\SPI_project.srcs\sources_1\new\MasterSPI.sv:]
WARNING: [filemgmt 56-199] Attempt to get parsing info during refresh. "On-the-fly" syntax checking information may be incorrect. [C:\Users\moizc\Desktop\MY AWESOME PROJECTS\SPI-Project\SPI_PROJECT\SPI_project.srcs\sim_1\new\TestbenchSPI.sv:]
WARNING: [filemgmt 56-199] Attempt to get parsing info during refresh. "On-the-fly" syntax checking information may be incorrect. [C:\Users\moizc\Desktop\MY AWESOME PROJECTS\SPI-Project\SPI_PROJECT\SPI_project.srcs\sources_1\new\TopSPI.sv:]
WARNING: [filemgmt 56-199] Attempt to get parsing info during refresh. "On-the-fly" syntax checking information may be incorrect. [C:\Users\moizc\Desktop\MY AWESOME PROJECTS\SPI-Project\SPI_PROJECT\SPI_project.srcs\sources_1\new\TopSPI.sv:]
WARNING: [filemgmt 56-199] Attempt to get parsing info during refresh. "On-the-fly" syntax checking information may be incorrect. [C:\Users\moizc\Desktop\MY AWESOME PROJECTS\SPI-Project\SPI_PROJECT\SPI_project.srcs\sources_1\new\TopSPI.sv:]
ERROR: [Common 17-180] Spawn failed: No error
WARNING: [filemgmt 56-199] Attempt to get parsing info during refresh. "On-the-fly" syntax checking information may be incorrect. [C:\Users\moizc\Desktop\MY AWESOME PROJECTS\SPI-Project\SPI_PROJECT\SPI_project.srcs\sources_1\new\MasterSPI.sv:]
WARNING: [filemgmt 56-199] Attempt to get parsing info during refresh. "On-the-fly" syntax checking information may be incorrect. [C:\Users\moizc\Desktop\MY AWESOME PROJECTS\SPI-Project\SPI_PROJECT\SPI_project.srcs\sim_1\new\TestbenchSPI.sv:]
WARNING: [filemgmt 56-199] Attempt to get parsing info during refresh. "On-the-fly" syntax checking information may be incorrect. [C:\Users\moizc\Desktop\MY AWESOME PROJECTS\SPI-Project\SPI_PROJECT\SPI_project.srcs\sources_1\new\TopSPI.sv:]
WARNING: [filemgmt 56-199] Attempt to get parsing info during refresh. "On-the-fly" syntax checking information may be incorrect. [C:\Users\moizc\Desktop\MY AWESOME PROJECTS\SPI-Project\SPI_PROJECT\SPI_project.srcs\sources_1\new\TopSPI.sv:]
WARNING: [filemgmt 56-199] Attempt to get parsing info during refresh. "On-the-fly" syntax checking information may be incorrect. [C:\Users\moizc\Desktop\MY AWESOME PROJECTS\SPI-Project\SPI_PROJECT\SPI_project.srcs\sources_1\new\TopSPI.sv:]
WARNING: [filemgmt 56-199] Attempt to get parsing info during refresh. "On-the-fly" syntax checking information may be incorrect. [C:\Users\moizc\Desktop\MY AWESOME PROJECTS\SPI-Project\SPI_PROJECT\SPI_project.srcs\sources_1\new\MasterSPI.sv:]
WARNING: [filemgmt 56-199] Attempt to get parsing info during refresh. "On-the-fly" syntax checking information may be incorrect. [C:\Users\moizc\Desktop\MY AWESOME PROJECTS\SPI-Project\SPI_PROJECT\SPI_project.srcs\sim_1\new\TestbenchSPI.sv:]
WARNING: [filemgmt 56-199] Attempt to get parsing info during refresh. "On-the-fly" syntax checking information may be incorrect. [C:\Users\moizc\Desktop\MY AWESOME PROJECTS\SPI-Project\SPI_PROJECT\SPI_project.srcs\sources_1\new\TopSPI.sv:]
WARNING: [filemgmt 56-199] Attempt to get parsing info during refresh. "On-the-fly" syntax checking information may be incorrect. [C:\Users\moizc\Desktop\MY AWESOME PROJECTS\SPI-Project\SPI_PROJECT\SPI_project.srcs\sources_1\new\MasterSPI.sv:]
WARNING: [filemgmt 56-199] Attempt to get parsing info during refresh. "On-the-fly" syntax checking information may be incorrect. [C:\Users\moizc\Desktop\MY AWESOME PROJECTS\SPI-Project\SPI_PROJECT\SPI_project.srcs\sources_1\new\MasterSPI.sv:]
WARNING: [filemgmt 56-199] Attempt to get parsing info during refresh. "On-the-fly" syntax checking information may be incorrect. [C:\Users\moizc\Desktop\MY AWESOME PROJECTS\SPI-Project\SPI_PROJECT\SPI_project.srcs\sources_1\new\MasterSPI.sv:]
WARNING: [filemgmt 56-199] Attempt to get parsing info during refresh. "On-the-fly" syntax checking information may be incorrect. [C:\Users\moizc\Desktop\MY AWESOME PROJECTS\SPI-Project\SPI_PROJECT\SPI_project.srcs\sim_1\new\TestbenchSPI.sv:]
WARNING: [filemgmt 56-199] Attempt to get parsing info during refresh. "On-the-fly" syntax checking information may be incorrect. [C:\Users\moizc\Desktop\MY AWESOME PROJECTS\SPI-Project\SPI_PROJECT\SPI_project.srcs\sources_1\new\TopSPI.sv:]
WARNING: [filemgmt 56-199] Attempt to get parsing info during refresh. "On-the-fly" syntax checking information may be incorrect. [C:\Users\moizc\Desktop\MY AWESOME PROJECTS\SPI-Project\SPI_PROJECT\SPI_project.srcs\sources_1\new\TopSPI.sv:]
WARNING: [filemgmt 56-199] Attempt to get parsing info during refresh. "On-the-fly" syntax checking information may be incorrect. [C:\Users\moizc\Desktop\MY AWESOME PROJECTS\SPI-Project\SPI_PROJECT\SPI_project.srcs\sources_1\new\TopSPI.sv:]
WARNING: [filemgmt 56-199] Attempt to get parsing info during refresh. "On-the-fly" syntax checking information may be incorrect. [C:\Users\moizc\Desktop\MY AWESOME PROJECTS\SPI-Project\SPI_PROJECT\SPI_project.srcs\sources_1\new\MasterSPI.sv:]
WARNING: [filemgmt 56-199] Attempt to get parsing info during refresh. "On-the-fly" syntax checking information may be incorrect. [C:\Users\moizc\Desktop\MY AWESOME PROJECTS\SPI-Project\SPI_PROJECT\SPI_project.srcs\sim_1\new\TestbenchSPI.sv:]
WARNING: [filemgmt 56-199] Attempt to get parsing info during refresh. "On-the-fly" syntax checking information may be incorrect. [C:\Users\moizc\Desktop\MY AWESOME PROJECTS\SPI-Project\SPI_PROJECT\SPI_project.srcs\sources_1\new\TopSPI.sv:]
WARNING: [filemgmt 56-199] Attempt to get parsing info during refresh. "On-the-fly" syntax checking information may be incorrect. [C:\Users\moizc\Desktop\MY AWESOME PROJECTS\SPI-Project\SPI_PROJECT\SPI_project.srcs\sim_1\new\TestbenchSPI.sv:]
WARNING: [filemgmt 56-199] Attempt to get parsing info during refresh. "On-the-fly" syntax checking information may be incorrect. [C:\Users\moizc\Desktop\MY AWESOME PROJECTS\SPI-Project\SPI_PROJECT\SPI_project.srcs\sim_1\new\TestbenchSPI.sv:]
reset_run synth_1
INFO: [Project 1-1161] Replacing file C:/Users/moizc/Desktop/MY AWESOME PROJECTS/SPI-Project/SPI_PROJECT/SPI_project.srcs/utils_1/imports/synth_1/master.dcp with file C:/Users/moizc/Desktop/MY AWESOME PROJECTS/SPI-Project/SPI_PROJECT/SPI_project.runs/synth_1/TopSPI.dcp
WARNING: [Vivado 12-1017] Problems encountered:
1. Failed to delete one or more files in run directory C:/Users/moizc/Desktop/MY AWESOME PROJECTS/SPI-Project/SPI_PROJECT/SPI_project.runs/synth_1

launch_runs impl_1 -jobs 4
[Sat Aug 30 14:29:59 2025] Launched synth_1...
Run output will be captured here: C:/Users/moizc/Desktop/MY AWESOME PROJECTS/SPI-Project/SPI_PROJECT/SPI_project.runs/synth_1/runme.log
[Sat Aug 30 14:29:59 2025] Launched impl_1...
Run output will be captured here: C:/Users/moizc/Desktop/MY AWESOME PROJECTS/SPI-Project/SPI_PROJECT/SPI_project.runs/impl_1/runme.log
close_sim
INFO: [Simtcl 6-16] Simulation closed
launch_simulation
Command: launch_simulation 
INFO: [Vivado 12-12493] Simulation top is 'TestbenchSPI'
WARNING: [Vivado 12-13340] Unable to auto find GCC executables from simulator install path! (path not set)
INFO: [Vivado 12-5682] Launching behavioral simulation in 'C:/Users/moizc/Desktop/MY AWESOME PROJECTS/SPI-Project/SPI_PROJECT/SPI_project.sim/sim_1/behav/xsim'
INFO: [SIM-utils-51] Simulation object is 'sim_1'
INFO: [SIM-utils-72] Using boost library from 'C:/Xilinx/Vivado/2024.2/tps/boost_1_72_0'
INFO: [SIM-utils-54] Inspecting design source files for 'TestbenchSPI' in fileset 'sim_1'...
INFO: [USF-XSim-97] Finding global include files...
INFO: [USF-XSim-100] Fetching design files from 'sources_1'...(this may take a while)...
INFO: [USF-XSim-101] Fetching design files from 'sim_1'...
INFO: [USF-XSim-2] XSim::Compile design
INFO: [USF-XSim-61] Executing 'COMPILE and ANALYZE' step in 'C:/Users/moizc/Desktop/MY AWESOME PROJECTS/SPI-Project/SPI_PROJECT/SPI_project.sim/sim_1/behav/xsim'
"xvlog --incr --relax -L uvm -prj TestbenchSPI_vlog.prj"
INFO: [VRFC 10-2263] Analyzing SystemVerilog file "C:/Users/moizc/Desktop/MY AWESOME PROJECTS/SPI-Project/SPI_PROJECT/SPI_project.srcs/sources_1/new/MasterSPI.sv" into library xil_defaultlib
INFO: [VRFC 10-311] analyzing module MasterSPI
WARNING: [VRFC 10-8497] literal value 'b1110 truncated to fit in 1 bits [C:/Users/moizc/Desktop/MY AWESOME PROJECTS/SPI-Project/SPI_PROJECT/SPI_project.srcs/sources_1/new/MasterSPI.sv:42]
WARNING: [VRFC 10-8497] literal value 'b1101 truncated to fit in 1 bits [C:/Users/moizc/Desktop/MY AWESOME PROJECTS/SPI-Project/SPI_PROJECT/SPI_project.srcs/sources_1/new/MasterSPI.sv:43]
WARNING: [VRFC 10-8497] literal value 'b1011 truncated to fit in 1 bits [C:/Users/moizc/Desktop/MY AWESOME PROJECTS/SPI-Project/SPI_PROJECT/SPI_project.srcs/sources_1/new/MasterSPI.sv:44]
WARNING: [VRFC 10-8497] literal value 'b0111 truncated to fit in 1 bits [C:/Users/moizc/Desktop/MY AWESOME PROJECTS/SPI-Project/SPI_PROJECT/SPI_project.srcs/sources_1/new/MasterSPI.sv:45]
INFO: [VRFC 10-2263] Analyzing SystemVerilog file "C:/Users/moizc/Desktop/MY AWESOME PROJECTS/SPI-Project/SPI_PROJECT/SPI_project.srcs/sources_1/new/SlaveSPI.sv" into library xil_defaultlib
INFO: [VRFC 10-311] analyzing module SlaveSPI
INFO: [VRFC 10-2263] Analyzing SystemVerilog file "C:/Users/moizc/Desktop/MY AWESOME PROJECTS/SPI-Project/SPI_PROJECT/SPI_project.srcs/sources_1/new/TopSPI.sv" into library xil_defaultlib
INFO: [VRFC 10-311] analyzing module TopSPI
INFO: [VRFC 10-2263] Analyzing SystemVerilog file "C:/Users/moizc/Desktop/MY AWESOME PROJECTS/SPI-Project/SPI_PROJECT/SPI_project.srcs/sim_1/new/TestbenchSPI.sv" into library xil_defaultlib
INFO: [VRFC 10-311] analyzing module TestbenchSPI
INFO: [USF-XSim-69] 'compile' step finished in '3' seconds
INFO: [USF-XSim-3] XSim::Elaborate design
INFO: [USF-XSim-61] Executing 'ELABORATE' step in 'C:/Users/moizc/Desktop/MY AWESOME PROJECTS/SPI-Project/SPI_PROJECT/SPI_project.sim/sim_1/behav/xsim'
"xelab --incr --debug typical --relax --mt 2 -L xil_defaultlib -L uvm -L unisims_ver -L unimacro_ver -L secureip --snapshot TestbenchSPI_behav xil_defaultlib.TestbenchSPI xil_defaultlib.glbl -log elaborate.log"
Vivado Simulator v2024.2.0
Copyright 1986-2022 Xilinx, Inc. All Rights Reserved.
Copyright 2022-2024 Advanced Micro Devices, Inc. All Rights Reserved.
Running: C:/Xilinx/Vivado/2024.2/bin/unwrapped/win64.o/xelab.exe --incr --debug typical --relax --mt 2 -L xil_defaultlib -L uvm -L unisims_ver -L unimacro_ver -L secureip --snapshot TestbenchSPI_behav xil_defaultlib.TestbenchSPI xil_defaultlib.glbl -log elaborate.log 
Using 2 slave threads.
Starting static elaboration
Pass Through NonSizing Optimizer
Completed static elaboration
Starting simulation data flow analysis
WARNING: [XSIM 43-4100] "C:/Users/moizc/Desktop/MY AWESOME PROJECTS/SPI-Project/SPI_PROJECT/SPI_project.sim/sim_1/behav/xsim/glbl.v" Line 6. Module glbl has a timescale but at least one module in design doesn't have timescale.
WARNING: [XSIM 43-4100] "C:/Users/moizc/Desktop/MY AWESOME PROJECTS/SPI-Project/SPI_PROJECT/SPI_project.sim/sim_1/behav/xsim/glbl.v" Line 6. Module glbl has a timescale but at least one module in design doesn't have timescale.
Completed simulation data flow analysis
Time Resolution for simulation is 1ps
Compiling module xil_defaultlib.MasterSPI
Compiling module xil_defaultlib.SlaveSPI
Compiling module xil_defaultlib.TopSPI
Compiling module xil_defaultlib.TestbenchSPI
Compiling module xil_defaultlib.glbl
Built simulation snapshot TestbenchSPI_behav
INFO: [USF-XSim-69] 'elaborate' step finished in '4' seconds
INFO: [USF-XSim-4] XSim::Simulate design
INFO: [USF-XSim-61] Executing 'SIMULATE' step in 'C:/Users/moizc/Desktop/MY AWESOME PROJECTS/SPI-Project/SPI_PROJECT/SPI_project.sim/sim_1/behav/xsim'
INFO: [USF-XSim-98] *** Running xsim
   with args "TestbenchSPI_behav -key {Behavioral:sim_1:Functional:TestbenchSPI} -tclbatch {TestbenchSPI.tcl} -log {simulate.log}"
INFO: [USF-XSim-8] Loading simulator feature
Time resolution is 1 ps
source TestbenchSPI.tcl
# set curr_wave [current_wave_config]
# if { [string length $curr_wave] == 0 } {
#   if { [llength [get_objects]] > 0} {
#     add_wave /
#     set_property needs_save false [current_wave_config]
#   } else {
#      send_msg_id Add_Wave-1 WARNING "No top level signals found. Simulator will start without a wave window. If you want to open a wave window go to 'File->New Waveform Configuration' or type 'create_wave_config' in the TCL console."
#   }
# }
# run 1000ns
$finish called at time : 310 ns : File "C:/Users/moizc/Desktop/MY AWESOME PROJECTS/SPI-Project/SPI_PROJECT/SPI_project.srcs/sim_1/new/TestbenchSPI.sv" Line 39
INFO: [USF-XSim-96] XSim completed. Design snapshot 'TestbenchSPI_behav' loaded.
INFO: [USF-XSim-97] XSim simulation ran for 1000ns
launch_simulation: Time (s): cpu = 00:00:05 ; elapsed = 00:00:11 . Memory (MB): peak = 1416.980 ; gain = 0.000
WARNING: [filemgmt 56-199] Attempt to get parsing info during refresh. "On-the-fly" syntax checking information may be incorrect. [C:\Users\moizc\Desktop\MY AWESOME PROJECTS\SPI-Project\SPI_PROJECT\SPI_project.srcs\sources_1\new\MasterSPI.sv:]
WARNING: [filemgmt 56-199] Attempt to get parsing info during refresh. "On-the-fly" syntax checking information may be incorrect. [C:\Users\moizc\Desktop\MY AWESOME PROJECTS\SPI-Project\SPI_PROJECT\SPI_project.srcs\sim_1\new\TestbenchSPI.sv:]
WARNING: [filemgmt 56-199] Attempt to get parsing info during refresh. "On-the-fly" syntax checking information may be incorrect. [C:\Users\moizc\Desktop\MY AWESOME PROJECTS\SPI-Project\SPI_PROJECT\SPI_project.srcs\sources_1\new\MasterSPI.sv:]
WARNING: [filemgmt 56-199] Attempt to get parsing info during refresh. "On-the-fly" syntax checking information may be incorrect. [C:\Users\moizc\Desktop\MY AWESOME PROJECTS\SPI-Project\SPI_PROJECT\SPI_project.srcs\sources_1\new\MasterSPI.sv:]
ERROR: [Common 17-180] Spawn failed: No error
reset_run synth_1
INFO: [Project 1-1161] Replacing file C:/Users/moizc/Desktop/MY AWESOME PROJECTS/SPI-Project/SPI_PROJECT/SPI_project.srcs/utils_1/imports/synth_1/master.dcp with file C:/Users/moizc/Desktop/MY AWESOME PROJECTS/SPI-Project/SPI_PROJECT/SPI_project.runs/synth_1/TopSPI.dcp
WARNING: [Vivado 12-1017] Problems encountered:
1. Failed to delete one or more files in run directory C:/Users/moizc/Desktop/MY AWESOME PROJECTS/SPI-Project/SPI_PROJECT/SPI_project.runs/synth_1

launch_runs impl_1 -jobs 4
[Sat Aug 30 14:38:58 2025] Launched synth_1...
Run output will be captured here: C:/Users/moizc/Desktop/MY AWESOME PROJECTS/SPI-Project/SPI_PROJECT/SPI_project.runs/synth_1/runme.log
[Sat Aug 30 14:38:58 2025] Launched impl_1...
Run output will be captured here: C:/Users/moizc/Desktop/MY AWESOME PROJECTS/SPI-Project/SPI_PROJECT/SPI_project.runs/impl_1/runme.log
close_sim
INFO: [Simtcl 6-16] Simulation closed
launch_simulation
Command: launch_simulation 
INFO: [Vivado 12-12493] Simulation top is 'TestbenchSPI'
WARNING: [Vivado 12-13340] Unable to auto find GCC executables from simulator install path! (path not set)
INFO: [Vivado 12-5682] Launching behavioral simulation in 'C:/Users/moizc/Desktop/MY AWESOME PROJECTS/SPI-Project/SPI_PROJECT/SPI_project.sim/sim_1/behav/xsim'
INFO: [SIM-utils-51] Simulation object is 'sim_1'
INFO: [SIM-utils-72] Using boost library from 'C:/Xilinx/Vivado/2024.2/tps/boost_1_72_0'
INFO: [SIM-utils-54] Inspecting design source files for 'TestbenchSPI' in fileset 'sim_1'...
INFO: [USF-XSim-97] Finding global include files...
INFO: [USF-XSim-100] Fetching design files from 'sources_1'...(this may take a while)...
INFO: [USF-XSim-101] Fetching design files from 'sim_1'...
INFO: [USF-XSim-2] XSim::Compile design
INFO: [USF-XSim-61] Executing 'COMPILE and ANALYZE' step in 'C:/Users/moizc/Desktop/MY AWESOME PROJECTS/SPI-Project/SPI_PROJECT/SPI_project.sim/sim_1/behav/xsim'
"xvlog --incr --relax -L uvm -prj TestbenchSPI_vlog.prj"
INFO: [VRFC 10-2263] Analyzing SystemVerilog file "C:/Users/moizc/Desktop/MY AWESOME PROJECTS/SPI-Project/SPI_PROJECT/SPI_project.srcs/sources_1/new/MasterSPI.sv" into library xil_defaultlib
INFO: [VRFC 10-311] analyzing module MasterSPI
WARNING: [VRFC 10-8497] literal value 'b1110 truncated to fit in 1 bits [C:/Users/moizc/Desktop/MY AWESOME PROJECTS/SPI-Project/SPI_PROJECT/SPI_project.srcs/sources_1/new/MasterSPI.sv:40]
WARNING: [VRFC 10-8497] literal value 'b1101 truncated to fit in 1 bits [C:/Users/moizc/Desktop/MY AWESOME PROJECTS/SPI-Project/SPI_PROJECT/SPI_project.srcs/sources_1/new/MasterSPI.sv:41]
WARNING: [VRFC 10-8497] literal value 'b1011 truncated to fit in 1 bits [C:/Users/moizc/Desktop/MY AWESOME PROJECTS/SPI-Project/SPI_PROJECT/SPI_project.srcs/sources_1/new/MasterSPI.sv:42]
WARNING: [VRFC 10-8497] literal value 'b0111 truncated to fit in 1 bits [C:/Users/moizc/Desktop/MY AWESOME PROJECTS/SPI-Project/SPI_PROJECT/SPI_project.srcs/sources_1/new/MasterSPI.sv:43]
INFO: [VRFC 10-2263] Analyzing SystemVerilog file "C:/Users/moizc/Desktop/MY AWESOME PROJECTS/SPI-Project/SPI_PROJECT/SPI_project.srcs/sources_1/new/SlaveSPI.sv" into library xil_defaultlib
INFO: [VRFC 10-311] analyzing module SlaveSPI
INFO: [VRFC 10-2263] Analyzing SystemVerilog file "C:/Users/moizc/Desktop/MY AWESOME PROJECTS/SPI-Project/SPI_PROJECT/SPI_project.srcs/sources_1/new/TopSPI.sv" into library xil_defaultlib
INFO: [VRFC 10-311] analyzing module TopSPI
INFO: [VRFC 10-2263] Analyzing SystemVerilog file "C:/Users/moizc/Desktop/MY AWESOME PROJECTS/SPI-Project/SPI_PROJECT/SPI_project.srcs/sim_1/new/TestbenchSPI.sv" into library xil_defaultlib
INFO: [VRFC 10-311] analyzing module TestbenchSPI
INFO: [USF-XSim-69] 'compile' step finished in '3' seconds
INFO: [USF-XSim-3] XSim::Elaborate design
INFO: [USF-XSim-61] Executing 'ELABORATE' step in 'C:/Users/moizc/Desktop/MY AWESOME PROJECTS/SPI-Project/SPI_PROJECT/SPI_project.sim/sim_1/behav/xsim'
"xelab --incr --debug typical --relax --mt 2 -L xil_defaultlib -L uvm -L unisims_ver -L unimacro_ver -L secureip --snapshot TestbenchSPI_behav xil_defaultlib.TestbenchSPI xil_defaultlib.glbl -log elaborate.log"
Vivado Simulator v2024.2.0
Copyright 1986-2022 Xilinx, Inc. All Rights Reserved.
Copyright 2022-2024 Advanced Micro Devices, Inc. All Rights Reserved.
Running: C:/Xilinx/Vivado/2024.2/bin/unwrapped/win64.o/xelab.exe --incr --debug typical --relax --mt 2 -L xil_defaultlib -L uvm -L unisims_ver -L unimacro_ver -L secureip --snapshot TestbenchSPI_behav xil_defaultlib.TestbenchSPI xil_defaultlib.glbl -log elaborate.log 
Using 2 slave threads.
Starting static elaboration
Pass Through NonSizing Optimizer
Completed static elaboration
Starting simulation data flow analysis
WARNING: [XSIM 43-4100] "C:/Users/moizc/Desktop/MY AWESOME PROJECTS/SPI-Project/SPI_PROJECT/SPI_project.sim/sim_1/behav/xsim/glbl.v" Line 6. Module glbl has a timescale but at least one module in design doesn't have timescale.
WARNING: [XSIM 43-4100] "C:/Users/moizc/Desktop/MY AWESOME PROJECTS/SPI-Project/SPI_PROJECT/SPI_project.sim/sim_1/behav/xsim/glbl.v" Line 6. Module glbl has a timescale but at least one module in design doesn't have timescale.
Completed simulation data flow analysis
Time Resolution for simulation is 1ps
Compiling module xil_defaultlib.MasterSPI
Compiling module xil_defaultlib.SlaveSPI
Compiling module xil_defaultlib.TopSPI
Compiling module xil_defaultlib.TestbenchSPI
Compiling module xil_defaultlib.glbl
Built simulation snapshot TestbenchSPI_behav
INFO: [USF-XSim-69] 'elaborate' step finished in '5' seconds
INFO: [USF-XSim-4] XSim::Simulate design
INFO: [USF-XSim-61] Executing 'SIMULATE' step in 'C:/Users/moizc/Desktop/MY AWESOME PROJECTS/SPI-Project/SPI_PROJECT/SPI_project.sim/sim_1/behav/xsim'
INFO: [USF-XSim-98] *** Running xsim
   with args "TestbenchSPI_behav -key {Behavioral:sim_1:Functional:TestbenchSPI} -tclbatch {TestbenchSPI.tcl} -log {simulate.log}"
INFO: [USF-XSim-8] Loading simulator feature
Time resolution is 1 ps
source TestbenchSPI.tcl
# set curr_wave [current_wave_config]
# if { [string length $curr_wave] == 0 } {
#   if { [llength [get_objects]] > 0} {
#     add_wave /
#     set_property needs_save false [current_wave_config]
#   } else {
#      send_msg_id Add_Wave-1 WARNING "No top level signals found. Simulator will start without a wave window. If you want to open a wave window go to 'File->New Waveform Configuration' or type 'create_wave_config' in the TCL console."
#   }
# }
# run 1000ns
$finish called at time : 310 ns : File "C:/Users/moizc/Desktop/MY AWESOME PROJECTS/SPI-Project/SPI_PROJECT/SPI_project.srcs/sim_1/new/TestbenchSPI.sv" Line 39
INFO: [USF-XSim-96] XSim completed. Design snapshot 'TestbenchSPI_behav' loaded.
INFO: [USF-XSim-97] XSim simulation ran for 1000ns
launch_simulation: Time (s): cpu = 00:00:05 ; elapsed = 00:00:12 . Memory (MB): peak = 1416.980 ; gain = 0.000
WARNING: [filemgmt 56-199] Attempt to get parsing info during refresh. "On-the-fly" syntax checking information may be incorrect. [C:\Users\moizc\Desktop\MY AWESOME PROJECTS\SPI-Project\SPI_PROJECT\SPI_project.srcs\sources_1\new\MasterSPI.sv:]
WARNING: [filemgmt 56-199] Attempt to get parsing info during refresh. "On-the-fly" syntax checking information may be incorrect. [C:\Users\moizc\Desktop\MY AWESOME PROJECTS\SPI-Project\SPI_PROJECT\SPI_project.srcs\sim_1\new\TestbenchSPI.sv:]
WARNING: [filemgmt 56-199] Attempt to get parsing info during refresh. "On-the-fly" syntax checking information may be incorrect. [C:\Users\moizc\Desktop\MY AWESOME PROJECTS\SPI-Project\SPI_PROJECT\SPI_project.srcs\sources_1\new\MasterSPI.sv:]
WARNING: [filemgmt 56-199] Attempt to get parsing info during refresh. "On-the-fly" syntax checking information may be incorrect. [C:\Users\moizc\Desktop\MY AWESOME PROJECTS\SPI-Project\SPI_PROJECT\SPI_project.srcs\sources_1\new\MasterSPI.sv:]
ERROR: [Common 17-180] Spawn failed: No error
reset_run synth_1
INFO: [Project 1-1161] Replacing file C:/Users/moizc/Desktop/MY AWESOME PROJECTS/SPI-Project/SPI_PROJECT/SPI_project.srcs/utils_1/imports/synth_1/master.dcp with file C:/Users/moizc/Desktop/MY AWESOME PROJECTS/SPI-Project/SPI_PROJECT/SPI_project.runs/synth_1/TopSPI.dcp
WARNING: [Vivado 12-1017] Problems encountered:
1. Failed to delete one or more files in run directory C:/Users/moizc/Desktop/MY AWESOME PROJECTS/SPI-Project/SPI_PROJECT/SPI_project.runs/synth_1

launch_runs impl_1 -jobs 4
[Sat Aug 30 14:44:19 2025] Launched synth_1...
Run output will be captured here: C:/Users/moizc/Desktop/MY AWESOME PROJECTS/SPI-Project/SPI_PROJECT/SPI_project.runs/synth_1/runme.log
[Sat Aug 30 14:44:19 2025] Launched impl_1...
Run output will be captured here: C:/Users/moizc/Desktop/MY AWESOME PROJECTS/SPI-Project/SPI_PROJECT/SPI_project.runs/impl_1/runme.log
close_sim
INFO: [Simtcl 6-16] Simulation closed
launch_simulation
Command: launch_simulation 
INFO: [Vivado 12-12493] Simulation top is 'TestbenchSPI'
WARNING: [Vivado 12-13340] Unable to auto find GCC executables from simulator install path! (path not set)
INFO: [Vivado 12-5682] Launching behavioral simulation in 'C:/Users/moizc/Desktop/MY AWESOME PROJECTS/SPI-Project/SPI_PROJECT/SPI_project.sim/sim_1/behav/xsim'
INFO: [SIM-utils-51] Simulation object is 'sim_1'
INFO: [SIM-utils-72] Using boost library from 'C:/Xilinx/Vivado/2024.2/tps/boost_1_72_0'
INFO: [SIM-utils-54] Inspecting design source files for 'TestbenchSPI' in fileset 'sim_1'...
INFO: [USF-XSim-97] Finding global include files...
INFO: [USF-XSim-100] Fetching design files from 'sources_1'...(this may take a while)...
INFO: [USF-XSim-101] Fetching design files from 'sim_1'...
INFO: [USF-XSim-2] XSim::Compile design
INFO: [USF-XSim-61] Executing 'COMPILE and ANALYZE' step in 'C:/Users/moizc/Desktop/MY AWESOME PROJECTS/SPI-Project/SPI_PROJECT/SPI_project.sim/sim_1/behav/xsim'
"xvlog --incr --relax -L uvm -prj TestbenchSPI_vlog.prj"
INFO: [VRFC 10-2263] Analyzing SystemVerilog file "C:/Users/moizc/Desktop/MY AWESOME PROJECTS/SPI-Project/SPI_PROJECT/SPI_project.srcs/sources_1/new/MasterSPI.sv" into library xil_defaultlib
INFO: [VRFC 10-311] analyzing module MasterSPI
INFO: [VRFC 10-2263] Analyzing SystemVerilog file "C:/Users/moizc/Desktop/MY AWESOME PROJECTS/SPI-Project/SPI_PROJECT/SPI_project.srcs/sources_1/new/SlaveSPI.sv" into library xil_defaultlib
INFO: [VRFC 10-311] analyzing module SlaveSPI
INFO: [VRFC 10-2263] Analyzing SystemVerilog file "C:/Users/moizc/Desktop/MY AWESOME PROJECTS/SPI-Project/SPI_PROJECT/SPI_project.srcs/sources_1/new/TopSPI.sv" into library xil_defaultlib
INFO: [VRFC 10-311] analyzing module TopSPI
INFO: [VRFC 10-2263] Analyzing SystemVerilog file "C:/Users/moizc/Desktop/MY AWESOME PROJECTS/SPI-Project/SPI_PROJECT/SPI_project.srcs/sim_1/new/TestbenchSPI.sv" into library xil_defaultlib
INFO: [VRFC 10-311] analyzing module TestbenchSPI
INFO: [USF-XSim-69] 'compile' step finished in '4' seconds
INFO: [USF-XSim-3] XSim::Elaborate design
INFO: [USF-XSim-61] Executing 'ELABORATE' step in 'C:/Users/moizc/Desktop/MY AWESOME PROJECTS/SPI-Project/SPI_PROJECT/SPI_project.sim/sim_1/behav/xsim'
"xelab --incr --debug typical --relax --mt 2 -L xil_defaultlib -L uvm -L unisims_ver -L unimacro_ver -L secureip --snapshot TestbenchSPI_behav xil_defaultlib.TestbenchSPI xil_defaultlib.glbl -log elaborate.log"
Vivado Simulator v2024.2.0
Copyright 1986-2022 Xilinx, Inc. All Rights Reserved.
Copyright 2022-2024 Advanced Micro Devices, Inc. All Rights Reserved.
Running: C:/Xilinx/Vivado/2024.2/bin/unwrapped/win64.o/xelab.exe --incr --debug typical --relax --mt 2 -L xil_defaultlib -L uvm -L unisims_ver -L unimacro_ver -L secureip --snapshot TestbenchSPI_behav xil_defaultlib.TestbenchSPI xil_defaultlib.glbl -log elaborate.log 
Using 2 slave threads.
Starting static elaboration
Pass Through NonSizing Optimizer
Completed static elaboration
Starting simulation data flow analysis
WARNING: [XSIM 43-4100] "C:/Users/moizc/Desktop/MY AWESOME PROJECTS/SPI-Project/SPI_PROJECT/SPI_project.sim/sim_1/behav/xsim/glbl.v" Line 6. Module glbl has a timescale but at least one module in design doesn't have timescale.
WARNING: [XSIM 43-4100] "C:/Users/moizc/Desktop/MY AWESOME PROJECTS/SPI-Project/SPI_PROJECT/SPI_project.sim/sim_1/behav/xsim/glbl.v" Line 6. Module glbl has a timescale but at least one module in design doesn't have timescale.
Completed simulation data flow analysis
Time Resolution for simulation is 1ps
Compiling module xil_defaultlib.MasterSPI
Compiling module xil_defaultlib.SlaveSPI
Compiling module xil_defaultlib.TopSPI
Compiling module xil_defaultlib.TestbenchSPI
Compiling module xil_defaultlib.glbl
Built simulation snapshot TestbenchSPI_behav
INFO: [USF-XSim-69] 'elaborate' step finished in '4' seconds
INFO: [USF-XSim-4] XSim::Simulate design
INFO: [USF-XSim-61] Executing 'SIMULATE' step in 'C:/Users/moizc/Desktop/MY AWESOME PROJECTS/SPI-Project/SPI_PROJECT/SPI_project.sim/sim_1/behav/xsim'
INFO: [USF-XSim-98] *** Running xsim
   with args "TestbenchSPI_behav -key {Behavioral:sim_1:Functional:TestbenchSPI} -tclbatch {TestbenchSPI.tcl} -log {simulate.log}"
INFO: [USF-XSim-8] Loading simulator feature
Time resolution is 1 ps
source TestbenchSPI.tcl
# set curr_wave [current_wave_config]
# if { [string length $curr_wave] == 0 } {
#   if { [llength [get_objects]] > 0} {
#     add_wave /
#     set_property needs_save false [current_wave_config]
#   } else {
#      send_msg_id Add_Wave-1 WARNING "No top level signals found. Simulator will start without a wave window. If you want to open a wave window go to 'File->New Waveform Configuration' or type 'create_wave_config' in the TCL console."
#   }
# }
# run 1000ns
$finish called at time : 310 ns : File "C:/Users/moizc/Desktop/MY AWESOME PROJECTS/SPI-Project/SPI_PROJECT/SPI_project.srcs/sim_1/new/TestbenchSPI.sv" Line 39
INFO: [USF-XSim-96] XSim completed. Design snapshot 'TestbenchSPI_behav' loaded.
INFO: [USF-XSim-97] XSim simulation ran for 1000ns
launch_simulation: Time (s): cpu = 00:00:06 ; elapsed = 00:00:13 . Memory (MB): peak = 1416.980 ; gain = 0.000
close_sim
INFO: [Simtcl 6-16] Simulation closed
exit
INFO: [Common 17-206] Exiting Vivado at Sat Aug 30 14:48:07 2025...
